#
# A fatal error has been detected by the Java Runtime Environment:
#
#  SIGSEGV (0xb) at pc=0x6e261fdb, pid=2486, tid=3063040832
#
# JRE version: 6.0_45-b06
# Java VM: Java HotSpot(TM) Server VM (20.45-b01 mixed mode linux-x86 )
# Problematic frame:
# C  [libpolkaMPQ.so+0x19fdb]  pk_widening+0x1eb
#
# If you would like to submit a bug report, please visit:
#   http://java.sun.com/webapps/bugreport/crash.jsp
# The crash happened outside the Java Virtual Machine in native code.
# See problematic frame for where to report the bug.
#

---------------  T H R E A D  ---------------

Current thread (0xb6705400):  JavaThread "main" [_thread_in_native, id=2487, stack(0xb68d4000,0xb6925000)]

siginfo:si_signo=SIGSEGV: si_errno=0, si_code=1 (SEGV_MAPERR), si_addr=0x00000008

Registers:
EAX=0x00000000, EBX=0x6e270000, ECX=0xb6700010, EDX=0x00000001
ESP=0xb6923d48, EBP=0x6d51d840, ESI=0x00000001, EDI=0x6d53ae58
EIP=0x6e261fdb, EFLAGS=0x00210282, CR2=0x00000008

Top of Stack: (sp=0xb6923d48)
0xb6923d48:   00000000 b6c30edf b674c898 b6705958
0xb6923d58:   6d5335c8 6d5345d8 00000004 6d5345f0
0xb6923d68:   00000003 6d51d840 6d535230 6e7de958
0xb6923d78:   b6923e38 b6d56065 00000001 00000000
0xb6923d88:   6d535380 6d50c078 ffffffff 00000000
0xb6923d98:   b6705400 b117e900 6e7de958 00000003
0xb6923da8:   6e261df9 6d3fe000 6d53ab40 6d50c078
0xb6923db8:   6d514970 6d2cc19f 6d50c078 6d535230 

Instructions: (pc=0x6e261fdb)
0x6e261fbb:   c6 8b 44 24 28 ff 70 14 ff 70 10 e8 d5 ad fe ff
0x6e261fcb:   8b 6c 24 2c 89 44 24 48 83 c4 0c 8b 45 00 6a 00
0x6e261fdb:   ff 70 08 8b 7c 24 30 8b 40 04 03 47 08 83 e8 01
0x6e261feb:   50 e8 cf ae fe ff 8b 4c 24 48 83 c4 0c 89 01 6a 

Register to memory mapping:

EAX=0x00000000 is an unknown value
EBX=0x6e270000: <offset 0x28000> in /home/sae/apron/newpolka/libpolkaMPQ.so at 0x6e248000
ECX=0xb6700010 is an unknown value
EDX=0x00000001 is an unknown value
ESP=0xb6923d48 is pointing into the stack for thread: 0xb6705400
EBP=0x6d51d840 is an unknown value
ESI=0x00000001 is an unknown value
EDI=0x6d53ae58 is an unknown value


Stack: [0xb68d4000,0xb6925000],  sp=0xb6923d48,  free space=319k
Native frames: (J=compiled Java code, j=interpreted, Vv=VM code, C=native code)
C  [libpolkaMPQ.so+0x19fdb]  pk_widening+0x1eb

Java frames: (J=compiled Java code, j=interpreted, Vv=VM code)
j  apron.Abstract0.widening(Lapron/Manager;Lapron/Abstract0;)Lapron/Abstract0;+0
j  apron.Abstract1.widening(Lapron/Manager;Lapron/Abstract1;)Lapron/Abstract1;+25
j  ch.ethz.sae.Analysis.merge(Lsoot/Unit;Lch/ethz/sae/AWrapper;Lch/ethz/sae/AWrapper;Lch/ethz/sae/AWrapper;)V+76
j  ch.ethz.sae.Analysis.merge(Ljava/lang/Object;Ljava/lang/Object;Ljava/lang/Object;Ljava/lang/Object;)V+18
j  soot.toolkits.scalar.ForwardBranchedFlowAnalysis.doAnalysis()V+949
j  ch.ethz.sae.Analysis.run()V+1
j  ch.ethz.sae.Verifier.main([Ljava/lang/String;)V+95
v  ~StubRoutines::call_stub

---------------  P R O C E S S  ---------------

Java Threads: ( => current thread )
  0xb6799c00 JavaThread "Low Memory Detector" daemon [_thread_blocked, id=2496, stack(0x6e8f1000,0x6e942000)]
  0xb6798000 JavaThread "C2 CompilerThread1" daemon [_thread_in_native, id=2495, stack(0x6e942000,0x6e9c3000)]
  0xb6796000 JavaThread "C2 CompilerThread0" daemon [_thread_in_native, id=2494, stack(0x6e9c3000,0x6ea44000)]
  0xb6794c00 JavaThread "Signal Dispatcher" daemon [_thread_blocked, id=2493, stack(0x6ea44000,0x6ea95000)]
  0xb6786000 JavaThread "Finalizer" daemon [_thread_blocked, id=2492, stack(0x6ec95000,0x6ece6000)]
  0xb6784800 JavaThread "Reference Handler" daemon [_thread_blocked, id=2491, stack(0x6f02e000,0x6f07f000)]
=>0xb6705400 JavaThread "main" [_thread_in_native, id=2487, stack(0xb68d4000,0xb6925000)]

Other Threads:
  0xb6780c00 VMThread [stack: 0x6ece6000,0x6ed67000] [id=2490]
  0xb67a3c00 WatcherThread [stack: 0x6e870000,0x6e8f1000] [id=2497]

VM state:not at safepoint (normal execution)

VM Mutex/Monitor currently owned by a thread: None

Heap
 PSYoungGen      total 35584K, used 11169K [0x9e0f0000, 0xa0650000, 0xb3640000)
  eden space 32896K, 25% used [0x9e0f0000,0x9e93a458,0xa0110000)
  from space 2688K, 99% used [0xa03b0000,0xa064e050,0xa0650000)
  to   space 2688K, 0% used [0xa0110000,0xa0110000,0xa03b0000)
 PSOldGen        total 43712K, used 8482K [0x73640000, 0x760f0000, 0x9e0f0000)
  object space 43712K, 19% used [0x73640000,0x73e88880,0x760f0000)
 PSPermGen       total 16384K, used 6607K [0x6f640000, 0x70640000, 0x73640000)
  object space 16384K, 40% used [0x6f640000,0x6fcb3eb8,0x70640000)

Code Cache  [0xb3700000, 0xb3940000, 0xb6700000)
 total_blobs=167 nmethods=56 adapters=65 free_code_cache=49879680 largest_free_block=30336

Dynamic libraries:
08048000-08052000 r-xp 00000000 08:01 3409195    /opt/jdk1.6.0_45/bin/java
08052000-08053000 rwxp 00009000 08:01 3409195    /opt/jdk1.6.0_45/bin/java
0936c000-0a082000 rwxp 00000000 00:00 0          [heap]
6d2a7000-6d3fc000 r-xp 00000000 08:01 6165121    /home/sae/apron/apron/libapron.so
6d3fc000-6d3fd000 ---p 00155000 08:01 6165121    /home/sae/apron/apron/libapron.so
6d3fd000-6d3fe000 r-xp 00155000 08:01 6165121    /home/sae/apron/apron/libapron.so
6d3fe000-6d400000 rwxp 00156000 08:01 6165121    /home/sae/apron/apron/libapron.so
6d400000-6d450000 rwxp 00000000 00:00 0 
6d450000-6d500000 ---p 00000000 00:00 0 
6d500000-6d57c000 rwxp 00000000 00:00 0 
6d57c000-6d600000 ---p 00000000 00:00 0 
6d600000-6d6fc000 rwxp 00000000 00:00 0 
6d6fc000-6d700000 ---p 00000000 00:00 0 
6d700000-6d7ff000 rwxp 00000000 00:00 0 
6d7ff000-6d800000 ---p 00000000 00:00 0 
6d800000-6d8f9000 rwxp 00000000 00:00 0 
6d8f9000-6d900000 ---p 00000000 00:00 0 
6d900000-6d9f6000 rwxp 00000000 00:00 0 
6d9f6000-6da00000 ---p 00000000 00:00 0 
6db00000-6dbdb000 rwxp 00000000 00:00 0 
6dbdb000-6dc00000 ---p 00000000 00:00 0 
6dc00000-6dcee000 rwxp 00000000 00:00 0 
6dcee000-6dd00000 ---p 00000000 00:00 0 
6dd00000-6ddf1000 rwxp 00000000 00:00 0 
6ddf1000-6de00000 ---p 00000000 00:00 0 
6de00000-6defe000 rwxp 00000000 00:00 0 
6defe000-6df00000 ---p 00000000 00:00 0 
6df07000-6df91000 r-xp 00000000 08:01 4462686    /usr/lib/i386-linux-gnu/libgmp.so.10.3.0
6df91000-6df92000 r-xp 00089000 08:01 4462686    /usr/lib/i386-linux-gnu/libgmp.so.10.3.0
6df92000-6df93000 rwxp 0008a000 08:01 4462686    /usr/lib/i386-linux-gnu/libgmp.so.10.3.0
6df93000-6dffe000 r-xp 00000000 08:01 4462983    /usr/lib/i386-linux-gnu/libmpfr.so.4.1.4
6dffe000-6dfff000 r-xp 0006a000 08:01 4462983    /usr/lib/i386-linux-gnu/libmpfr.so.4.1.4
6dfff000-6e000000 rwxp 0006b000 08:01 4462983    /usr/lib/i386-linux-gnu/libmpfr.so.4.1.4
6e000000-6e0ee000 rwxp 00000000 00:00 0 
6e0ee000-6e100000 ---p 00000000 00:00 0 
6e100000-6e1fc000 rwxp 00000000 00:00 0 
6e1fc000-6e200000 ---p 00000000 00:00 0 
6e248000-6e26e000 r-xp 00000000 08:01 145087     /home/sae/apron/newpolka/libpolkaMPQ.so
6e26e000-6e26f000 ---p 00026000 08:01 145087     /home/sae/apron/newpolka/libpolkaMPQ.so
6e26f000-6e270000 r-xp 00026000 08:01 145087     /home/sae/apron/newpolka/libpolkaMPQ.so
6e270000-6e271000 rwxp 00027000 08:01 145087     /home/sae/apron/newpolka/libpolkaMPQ.so
6e271000-6e298000 r-xp 00000000 08:01 145195     /home/sae/apron/japron/libjgmp.so
6e298000-6e299000 r-xp 00026000 08:01 145195     /home/sae/apron/japron/libjgmp.so
6e299000-6e29a000 rwxp 00027000 08:01 145195     /home/sae/apron/japron/libjgmp.so
6e29a000-6e300000 rwxp 00000000 00:00 0 
6e300000-6e3fa000 rwxp 00000000 00:00 0 
6e3fa000-6e400000 ---p 00000000 00:00 0 
6e400000-6e4fd000 rwxp 00000000 00:00 0 
6e4fd000-6e500000 ---p 00000000 00:00 0 
6e500000-6e5ec000 rwxp 00000000 00:00 0 
6e5ec000-6e600000 ---p 00000000 00:00 0 
6e600000-6e6fe000 rwxp 00000000 00:00 0 
6e6fe000-6e700000 ---p 00000000 00:00 0 
6e700000-6e7fd000 rwxp 00000000 00:00 0 
6e7fd000-6e800000 ---p 00000000 00:00 0 
6e801000-6e81d000 r-xp 00000000 08:01 6165182    /home/sae/apron/octagons/liboctD.so
6e81d000-6e81e000 r-xp 0001b000 08:01 6165182    /home/sae/apron/octagons/liboctD.so
6e81e000-6e81f000 rwxp 0001c000 08:01 6165182    /home/sae/apron/octagons/liboctD.so
6e81f000-6e870000 r-xs 005b1000 08:01 269336     /home/sae/project/soot-2.5.0.jar
6e870000-6e871000 ---p 00000000 00:00 0 
6e871000-6e8f1000 rwxp 00000000 00:00 0 
6e8f1000-6e8f4000 ---p 00000000 00:00 0 
6e8f4000-6e942000 rwxp 00000000 00:00 0 
6e942000-6e945000 ---p 00000000 00:00 0 
6e945000-6e9c3000 rwxp 00000000 00:00 0 
6e9c3000-6e9c6000 ---p 00000000 00:00 0 
6e9c6000-6ea44000 rwxp 00000000 00:00 0 
6ea44000-6ea47000 ---p 00000000 00:00 0 
6ea47000-6ea95000 rwxp 00000000 00:00 0 
6ea95000-6ec95000 r-xp 00000000 08:01 4465853    /usr/lib/locale/locale-archive
6ec95000-6ec98000 ---p 00000000 00:00 0 
6ec98000-6ece6000 rwxp 00000000 00:00 0 
6ece6000-6ece7000 ---p 00000000 00:00 0 
6ece7000-6ed67000 rwxp 00000000 00:00 0 
6ed67000-6ef00000 r-xs 03087000 08:01 3407875    /opt/jdk1.6.0_45/jre/lib/rt.jar
6ef00000-6effa000 rwxp 00000000 00:00 0 
6effa000-6f000000 ---p 00000000 00:00 0 
6f00e000-6f02c000 r-xp 00000000 08:01 145196     /home/sae/apron/japron/libjapron.so
6f02c000-6f02d000 r-xp 0001d000 08:01 145196     /home/sae/apron/japron/libjapron.so
6f02d000-6f02e000 rwxp 0001e000 08:01 145196     /home/sae/apron/japron/libjapron.so
6f02e000-6f031000 ---p 00000000 00:00 0 
6f031000-6f07f000 rwxp 00000000 00:00 0 
6f07f000-6f080000 ---p 00000000 00:00 0 
6f080000-6f100000 rwxp 00000000 00:00 0 
6f100000-6f121000 rwxp 00000000 00:00 0 
6f121000-6f200000 ---p 00000000 00:00 0 
6f206000-6f212000 r-xp 00000000 08:01 145173     /home/sae/apron/box/libboxD.so
6f212000-6f213000 r-xp 0000b000 08:01 145173     /home/sae/apron/box/libboxD.so
6f213000-6f214000 rwxp 0000c000 08:01 145173     /home/sae/apron/box/libboxD.so
6f214000-6f248000 rwxp 00000000 00:00 0 
6f248000-6f249000 ---p 00000000 00:00 0 
6f249000-6f2df000 rwxp 00000000 00:00 0 
6f2df000-6f41f000 rwxp 00000000 00:00 0 
6f41f000-6f427000 rwxp 00000000 00:00 0 
6f427000-6f43f000 rwxp 00000000 00:00 0 
6f43f000-6f455000 rwxp 00000000 00:00 0 
6f455000-6f594000 rwxp 00000000 00:00 0 
6f594000-6f5a8000 rwxp 00000000 00:00 0 
6f5a8000-6f63f000 rwxp 00000000 00:00 0 
6f63f000-70640000 rwxp 00000000 00:00 0 
70640000-73640000 rwxp 00000000 00:00 0 
73640000-760f0000 rwxp 00000000 00:00 0 
760f0000-9e0f0000 rwxp 00000000 00:00 0 
9e0f0000-a0650000 rwxp 00000000 00:00 0 
a0650000-b3640000 rwxp 00000000 00:00 0 
b3640000-b3649000 rwxp 00000000 00:00 0 
b3649000-b3700000 rwxp 00000000 00:00 0 
b3700000-b3940000 rwxp 00000000 00:00 0 
b3940000-b67fb000 rwxp 00000000 00:00 0 
b67fb000-b6800000 ---p 00000000 00:00 0 
b6809000-b6818000 r-xs 00667000 08:01 3408674    /opt/jdk1.6.0_45/jre/lib/charsets.jar
b6818000-b681b000 r-xs 00013000 08:01 3407971    /opt/jdk1.6.0_45/jre/lib/jce.jar
b681b000-b6822000 r-xs 00096000 08:01 3407961    /opt/jdk1.6.0_45/jre/lib/jsse.jar
b6822000-b682a000 r-xs 00115000 08:01 3408017    /opt/jdk1.6.0_45/jre/lib/resources.jar
b682a000-b6832000 rwxp 00000000 00:00 0 
b6832000-b684a000 rwxp 00000000 00:00 0 
b684a000-b6855000 r-xp 00000000 08:01 6030737    /lib/i386-linux-gnu/libnss_files-2.23.so
b6855000-b6856000 r-xp 0000a000 08:01 6030737    /lib/i386-linux-gnu/libnss_files-2.23.so
b6856000-b6857000 rwxp 0000b000 08:01 6030737    /lib/i386-linux-gnu/libnss_files-2.23.so
b6857000-b685d000 rwxp 00000000 00:00 0 
b685d000-b6868000 r-xp 00000000 08:01 6030747    /lib/i386-linux-gnu/libnss_nis-2.23.so
b6868000-b6869000 r-xp 0000a000 08:01 6030747    /lib/i386-linux-gnu/libnss_nis-2.23.so
b6869000-b686a000 rwxp 0000b000 08:01 6030747    /lib/i386-linux-gnu/libnss_nis-2.23.so
b686a000-b6872000 r-xp 00000000 08:01 6030733    /lib/i386-linux-gnu/libnss_compat-2.23.so
b6872000-b6873000 r-xp 00007000 08:01 6030733    /lib/i386-linux-gnu/libnss_compat-2.23.so
b6873000-b6874000 rwxp 00008000 08:01 6030733    /lib/i386-linux-gnu/libnss_compat-2.23.so
b6874000-b688b000 r-xp 00000000 08:01 6030731    /lib/i386-linux-gnu/libnsl-2.23.so
b688b000-b688c000 r-xp 00016000 08:01 6030731    /lib/i386-linux-gnu/libnsl-2.23.so
b688c000-b688d000 rwxp 00017000 08:01 6030731    /lib/i386-linux-gnu/libnsl-2.23.so
b688d000-b688f000 rwxp 00000000 00:00 0 
b6890000-b6891000 r-xs 00003000 08:01 145200     /home/sae/apron/japron/gmp.jar
b6891000-b6893000 r-xs 00013000 08:01 145201     /home/sae/apron/japron/apron.jar
b6893000-b6894000 r-xp 00739000 08:01 4465853    /usr/lib/locale/locale-archive
b6894000-b68a3000 r-xp 00000000 08:01 3407921    /opt/jdk1.6.0_45/jre/lib/i386/libzip.so
b68a3000-b68a5000 rwxp 0000e000 08:01 3407921    /opt/jdk1.6.0_45/jre/lib/i386/libzip.so
b68a5000-b68c9000 r-xp 00000000 08:01 3407917    /opt/jdk1.6.0_45/jre/lib/i386/libjava.so
b68c9000-b68cb000 rwxp 00023000 08:01 3407917    /opt/jdk1.6.0_45/jre/lib/i386/libjava.so
b68cb000-b68d2000 r-xp 00000000 08:01 6030792    /lib/i386-linux-gnu/librt-2.23.so
b68d2000-b68d3000 r-xp 00006000 08:01 6030792    /lib/i386-linux-gnu/librt-2.23.so
b68d3000-b68d4000 rwxp 00007000 08:01 6030792    /lib/i386-linux-gnu/librt-2.23.so
b68d4000-b68d7000 ---p 00000000 00:00 0 
b68d7000-b6925000 rwxp 00000000 00:00 0 
b6925000-b6978000 r-xp 00000000 08:01 6030710    /lib/i386-linux-gnu/libm-2.23.so
b6978000-b6979000 r-xp 00052000 08:01 6030710    /lib/i386-linux-gnu/libm-2.23.so
b6979000-b697a000 rwxp 00053000 08:01 6030710    /lib/i386-linux-gnu/libm-2.23.so
b697a000-b712f000 r-xp 00000000 08:01 3407905    /opt/jdk1.6.0_45/jre/lib/i386/server/libjvm.so
b712f000-b7183000 rwxp 007b5000 08:01 3407905    /opt/jdk1.6.0_45/jre/lib/i386/server/libjvm.so
b7183000-b75a3000 rwxp 00000000 00:00 0 
b75a3000-b7752000 r-xp 00000000 08:01 6030640    /lib/i386-linux-gnu/libc-2.23.so
b7752000-b7753000 ---p 001af000 08:01 6030640    /lib/i386-linux-gnu/libc-2.23.so
b7753000-b7755000 r-xp 001af000 08:01 6030640    /lib/i386-linux-gnu/libc-2.23.so
b7755000-b7756000 rwxp 001b1000 08:01 6030640    /lib/i386-linux-gnu/libc-2.23.so
b7756000-b7759000 rwxp 00000000 00:00 0 
b7759000-b775c000 r-xp 00000000 08:01 6030664    /lib/i386-linux-gnu/libdl-2.23.so
b775c000-b775d000 r-xp 00002000 08:01 6030664    /lib/i386-linux-gnu/libdl-2.23.so
b775d000-b775e000 rwxp 00003000 08:01 6030664    /lib/i386-linux-gnu/libdl-2.23.so
b775e000-b7765000 r-xp 00000000 08:01 3407919    /opt/jdk1.6.0_45/jre/lib/i386/jli/libjli.so
b7765000-b7767000 rwxp 00006000 08:01 3407919    /opt/jdk1.6.0_45/jre/lib/i386/jli/libjli.so
b7767000-b7780000 r-xp 00000000 08:01 6030784    /lib/i386-linux-gnu/libpthread-2.23.so
b7780000-b7781000 r-xp 00018000 08:01 6030784    /lib/i386-linux-gnu/libpthread-2.23.so
b7781000-b7782000 rwxp 00019000 08:01 6030784    /lib/i386-linux-gnu/libpthread-2.23.so
b7782000-b7784000 rwxp 00000000 00:00 0 
b7784000-b778c000 rwxs 00000000 08:01 2359305    /tmp/hsperfdata_sae/2486
b778c000-b778d000 rwxp 00000000 00:00 0 
b778d000-b778e000 r-xp 00000000 00:00 0 
b778e000-b7799000 r-xp 00000000 08:01 3407916    /opt/jdk1.6.0_45/jre/lib/i386/libverify.so
b7799000-b779a000 rwxp 0000b000 08:01 3407916    /opt/jdk1.6.0_45/jre/lib/i386/libverify.so
b779a000-b779c000 rwxp 00000000 00:00 0 
b779c000-b779e000 r--p 00000000 00:00 0          [vvar]
b779e000-b779f000 r-xp 00000000 00:00 0          [vdso]
b779f000-b77c1000 r-xp 00000000 08:01 6030612    /lib/i386-linux-gnu/ld-2.23.so
b77c1000-b77c2000 rwxp 00000000 00:00 0 
b77c2000-b77c3000 r-xp 00022000 08:01 6030612    /lib/i386-linux-gnu/ld-2.23.so
b77c3000-b77c4000 rwxp 00023000 08:01 6030612    /lib/i386-linux-gnu/ld-2.23.so
bfd5a000-bfd7b000 rwxp 00000000 00:00 0          [stack]

VM Arguments:
java_command: ch.ethz.sae.Verifier Test40
Launcher Type: SUN_STANDARD

Environment Variables:
JAVA_HOME=/opt/java-latest
CLASSPATH=.:/home/sae/project/soot-2.5.0.jar:/home/sae/apron/japron/apron.jar:/home/sae/apron/japron/gmp.jar:/home/sae/project/bin
PATH=/opt/java-latest/bin:/home/sae/eclipse/:/usr/local/sbin:/usr/local/bin:/usr/sbin:/usr/bin:/sbin:/bin:/usr/games:/usr/local/games:/snap/bin
LD_LIBRARY_PATH=/opt/jdk1.6.0_45/jre/lib/i386/server:/opt/jdk1.6.0_45/jre/lib/i386:/opt/jdk1.6.0_45/jre/../lib/i386:/home/sae/apron/box:/home/sae/apron/octagons:/home/sae/apron/newpolka:/home/sae/apron/apron:/home/sae/apron/japron:/home/sae/apron/japron/gmp
SHELL=/bin/bash
DISPLAY=:0

Signal Handlers:
SIGSEGV: [libjvm.so+0x7285f0], sa_mask[0]=0x7ffbfeff, sa_flags=0x10000004
SIGBUS: [libjvm.so+0x7285f0], sa_mask[0]=0x7ffbfeff, sa_flags=0x10000004
SIGFPE: [libjvm.so+0x5e21c0], sa_mask[0]=0x7ffbfeff, sa_flags=0x10000004
SIGPIPE: [libjvm.so+0x5e21c0], sa_mask[0]=0x7ffbfeff, sa_flags=0x10000004
SIGXFSZ: [libjvm.so+0x5e21c0], sa_mask[0]=0x7ffbfeff, sa_flags=0x10000004
SIGILL: [libjvm.so+0x5e21c0], sa_mask[0]=0x7ffbfeff, sa_flags=0x10000004
SIGUSR1: SIG_DFL, sa_mask[0]=0x00000000, sa_flags=0x00000000
SIGUSR2: [libjvm.so+0x5e5420], sa_mask[0]=0x00000000, sa_flags=0x10000004
SIGHUP: [libjvm.so+0x5e5000], sa_mask[0]=0x7ffbfeff, sa_flags=0x10000004
SIGINT: [libjvm.so+0x5e5000], sa_mask[0]=0x7ffbfeff, sa_flags=0x10000004
SIGTERM: [libjvm.so+0x5e5000], sa_mask[0]=0x7ffbfeff, sa_flags=0x10000004
SIGQUIT: [libjvm.so+0x5e5000], sa_mask[0]=0x7ffbfeff, sa_flags=0x10000004


---------------  S Y S T E M  ---------------

OS:stretch/sid

uname:Linux 4.4.0-22-generic #40-Ubuntu SMP Thu May 12 22:03:15 UTC 2016 i686
libc:glibc 2.23 NPTL 2.23 
rlimit: STACK 8192k, CORE 0k, NPROC 47300, NOFILE 65536, AS infinity
load average:2.39 1.14 0.44

/proc/meminfo:
MemTotal:        6089804 kB
MemFree:         4997412 kB
MemAvailable:    5405360 kB
Buffers:           34784 kB
Cached:           401232 kB
SwapCached:            0 kB
Active:           803512 kB
Inactive:         224792 kB
Active(anon):     593236 kB
Inactive(anon):    16348 kB
Active(file):     210276 kB
Inactive(file):   208444 kB
Unevictable:          32 kB
Mlocked:              32 kB
HighTotal:       5252040 kB
HighFree:        4360164 kB
LowTotal:         837764 kB
LowFree:          637248 kB
SwapTotal:       3142652 kB
SwapFree:        3142652 kB
Dirty:               600 kB
Writeback:             0 kB
AnonPages:        592316 kB
Mapped:           172012 kB
Shmem:             17300 kB
Slab:              34600 kB
SReclaimable:      20728 kB
SUnreclaim:        13872 kB
KernelStack:        3400 kB
PageTables:         8524 kB
NFS_Unstable:          0 kB
Bounce:                0 kB
WritebackTmp:          0 kB
CommitLimit:     6187552 kB
Committed_AS:    3216424 kB
VmallocTotal:     122880 kB
VmallocUsed:           0 kB
VmallocChunk:          0 kB
AnonHugePages:    190464 kB
CmaTotal:              0 kB
CmaFree:               0 kB
HugePages_Total:       0
HugePages_Free:        0
HugePages_Rsvd:        0
HugePages_Surp:        0
Hugepagesize:       2048 kB
DirectMap4k:       24568 kB
DirectMap2M:      888832 kB


CPU:total 2 (2 cores per cpu, 1 threads per core) family 6 model 60 stepping 3, cmov, cx8, fxsr, mmx, sse, sse2, sse3, ssse3

/proc/cpuinfo:
processor	: 0
vendor_id	: GenuineIntel
cpu family	: 6
model		: 60
model name	: Intel(R) Core(TM) i7-4712HQ CPU @ 2.30GHz
stepping	: 3
microcode	: 0x19
cpu MHz		: 2293.267
cache size	: 6144 KB
physical id	: 0
siblings	: 2
core id		: 0
cpu cores	: 2
apicid		: 0
initial apicid	: 0
fdiv_bug	: no
f00f_bug	: no
coma_bug	: no
fpu		: yes
fpu_exception	: yes
cpuid level	: 5
wp		: yes
flags		: fpu vme de pse tsc msr pae mce cx8 apic sep mtrr pge mca cmov pat pse36 clflush mmx fxsr sse sse2 ht nx rdtscp constant_tsc pni ssse3
bugs		:
bogomips	: 4586.53
clflush size	: 64
cache_alignment	: 64
address sizes	: 39 bits physical, 48 bits virtual
power management:

processor	: 1
vendor_id	: GenuineIntel
cpu family	: 6
model		: 60
model name	: Intel(R) Core(TM) i7-4712HQ CPU @ 2.30GHz
stepping	: 3
microcode	: 0x19
cpu MHz		: 2293.267
cache size	: 6144 KB
physical id	: 0
siblings	: 2
core id		: 1
cpu cores	: 2
apicid		: 1
initial apicid	: 1
fdiv_bug	: no
f00f_bug	: no
coma_bug	: no
fpu		: yes
fpu_exception	: yes
cpuid level	: 5
wp		: yes
flags		: fpu vme de pse tsc msr pae mce cx8 apic sep mtrr pge mca cmov pat pse36 clflush mmx fxsr sse sse2 ht nx rdtscp constant_tsc pni ssse3
bugs		:
bogomips	: 4586.53
clflush size	: 64
cache_alignment	: 64
address sizes	: 39 bits physical, 48 bits virtual
power management:



Memory: 4k page, physical 6089804k(4997412k free), swap 3142652k(3142652k free)

vm_info: Java HotSpot(TM) Server VM (20.45-b01) for linux-x86 JRE (1.6.0_45-b06), built on Mar 26 2013 13:50:03 by "java_re" with gcc 3.2.1-7a (J2SE release)

time: Tue May 31 11:37:18 2016
elapsed time: 0 seconds

